This file contains any messages produced by compilers while
running configure, to aid debugging if configure makes a mistake.

It was created by configure, which was
generated by GNU Autoconf 2.69.  Invocation command line was

  $ ../configure --prefix=/Users/lnieto/sdl/SDL2_mixer-2.0.2 --with-sdl-prefix=/Users/lnieto/sdl/SDL2-2.0.8

## --------- ##
## Platform. ##
## --------- ##

hostname = z2r5p4.le-101.fr
uname -m = x86_64
uname -r = 16.7.0
uname -s = Darwin
uname -v = Darwin Kernel Version 16.7.0: Thu Dec 20 21:53:35 PST 2018; root:xnu-3789.73.31~1/RELEASE_X86_64

/usr/bin/uname -p = i386
/bin/uname -X     = unknown

/bin/arch              = unknown
/usr/bin/arch -k       = unknown
/usr/convex/getsysinfo = unknown
/usr/bin/hostinfo      = Mach kernel version:
	 Darwin Kernel Version 16.7.0: Thu Dec 20 21:53:35 PST 2018; root:xnu-3789.73.31~1/RELEASE_X86_64
Kernel configured for up to 4 processors.
4 processors are physically available.
4 processors are logically available.
Processor type: x86_64h (Intel x86-64h Haswell)
Processors active: 0 1 2 3
Primary memory available: 8.00 gigabytes
Default processor set: 221 tasks, 1030 threads, 4 processors
Load average: 1.95, Mach factor: 2.03
/bin/machine           = unknown
/usr/bin/oslevel       = unknown
/bin/universe          = unknown

PATH: /usr/local/bin
PATH: /usr/bin
PATH: /bin
PATH: /usr/sbin
PATH: /sbin
PATH: /opt/X11/bin
PATH: /usr/local/munki


## ----------- ##
## Core tests. ##
## ----------- ##

configure:2493: checking build system type
configure:2507: result: x86_64-apple-darwin16.7.0
configure:2527: checking host system type
configure:2540: result: x86_64-apple-darwin16.7.0
configure:2608: checking for gcc
configure:2624: found /usr/bin/gcc
configure:2635: result: gcc
configure:2864: checking for C compiler version
configure:2873: gcc --version >&5
Apple LLVM version 9.0.0 (clang-900.0.39.2)
Target: x86_64-apple-darwin16.7.0
Thread model: posix
InstalledDir: /Applications/Xcode.app/Contents/Developer/Toolchains/XcodeDefault.xctoolchain/usr/bin
Configured with: --prefix=/Applications/Xcode.app/Contents/Developer/usr --with-gxx-include-dir=/usr/include/c++/4.2.1
configure:2884: $? = 0
configure:2873: gcc -v >&5
Configured with: --prefix=/Applications/Xcode.app/Contents/Developer/usr --with-gxx-include-dir=/usr/include/c++/4.2.1
Apple LLVM version 9.0.0 (clang-900.0.39.2)
Target: x86_64-apple-darwin16.7.0
Thread model: posix
InstalledDir: /Applications/Xcode.app/Contents/Developer/Toolchains/XcodeDefault.xctoolchain/usr/bin
configure:2884: $? = 0
configure:2873: gcc -V >&5
clang: error: argument to '-V' is missing (expected 1 value)
clang: error: no input files
configure:2884: $? = 1
configure:2873: gcc -qversion >&5
clang: error: unknown argument: '-qversion'
clang: error: no input files
configure:2884: $? = 1
configure:2904: checking whether the C compiler works
configure:2926: gcc    conftest.c  >&5
configure:2930: $? = 0
configure:2978: result: yes
configure:2981: checking for C compiler default output file name
configure:2983: result: a.out
configure:2989: checking for suffix of executables
configure:2996: gcc -o conftest    conftest.c  >&5
configure:3000: $? = 0
configure:3022: result: 
configure:3044: checking whether we are cross compiling
configure:3052: gcc -o conftest    conftest.c  >&5
configure:3056: $? = 0
configure:3063: ./conftest
configure:3067: $? = 0
configure:3082: result: no
configure:3087: checking for suffix of object files
configure:3109: gcc -c   conftest.c >&5
configure:3113: $? = 0
configure:3134: result: o
configure:3138: checking whether we are using the GNU C compiler
configure:3157: gcc -c   conftest.c >&5
configure:3157: $? = 0
configure:3166: result: yes
configure:3175: checking whether gcc accepts -g
configure:3195: gcc -c -g  conftest.c >&5
configure:3195: $? = 0
configure:3236: result: yes
configure:3253: checking for gcc option to accept ISO C89
configure:3316: gcc  -c -g -O2  conftest.c >&5
configure:3316: $? = 0
configure:3329: result: none needed
configure:3349: checking for a sed that does not truncate output
configure:3413: result: /usr/bin/sed
configure:3431: checking for grep that handles long lines and -e
configure:3489: result: /usr/bin/grep
configure:3494: checking for egrep
configure:3556: result: /usr/bin/grep -E
configure:3561: checking for fgrep
configure:3623: result: /usr/bin/grep -F
configure:3658: checking for ld used by gcc
configure:3725: result: /Applications/Xcode.app/Contents/Developer/Toolchains/XcodeDefault.xctoolchain/usr/bin/ld
configure:3732: checking if the linker (/Applications/Xcode.app/Contents/Developer/Toolchains/XcodeDefault.xctoolchain/usr/bin/ld) is GNU ld
configure:3747: result: no
configure:3759: checking for BSD- or MS-compatible name lister (nm)
configure:3808: result: /usr/bin/nm -B
configure:3926: checking the name lister (/usr/bin/nm -B) interface
configure:3933: gcc -c -g -O2  conftest.c >&5
configure:3936: /usr/bin/nm -B "conftest.o"
configure:3939: output
00000000000001d4 S _some_variable
configure:3946: result: BSD nm
configure:3949: checking whether ln -s works
configure:3953: result: yes
configure:3961: checking the maximum length of command line arguments
configure:4087: result: 196608
configure:4104: checking whether the shell understands some XSI constructs
configure:4114: result: yes
configure:4118: checking whether the shell understands "+="
configure:4124: result: yes
configure:4159: checking for /Applications/Xcode.app/Contents/Developer/Toolchains/XcodeDefault.xctoolchain/usr/bin/ld option to reload object files
configure:4166: result: -r
configure:4235: checking for objdump
configure:4251: found /usr/bin/objdump
configure:4262: result: objdump
configure:4291: checking how to recognize dependent libraries
configure:4489: result: pass_all
configure:4549: checking for ar
configure:4565: found /usr/bin/ar
configure:4576: result: ar
configure:4654: checking for strip
configure:4670: found /usr/bin/strip
configure:4681: result: strip
configure:4753: checking for ranlib
configure:4769: found /usr/bin/ranlib
configure:4780: result: ranlib
configure:4870: checking command to parse /usr/bin/nm -B output from gcc object
configure:4988: gcc -c -g -O2  conftest.c >&5
configure:4991: $? = 0
configure:4995: /usr/bin/nm -B conftest.o \| sed -n -e 's/^.*[	 ]\([BCDEGRST][BCDEGRST]*\)[	 ][	 ]*\([_A-Za-z][_A-Za-z0-9]*\)$/\1 \2 \2/p' \> conftest.nm
configure:4998: $? = 0
cannot find nm_test_var in conftest.nm
configure:4988: gcc -c -g -O2  conftest.c >&5
configure:4991: $? = 0
configure:4995: /usr/bin/nm -B conftest.o \| sed -n -e 's/^.*[	 ]\([BCDEGRST][BCDEGRST]*\)[	 ][	 ]*_\([_A-Za-z][_A-Za-z0-9]*\)$/\1 _\2 \2/p' \> conftest.nm
configure:4998: $? = 0
configure:5052: gcc -o conftest -g -O2   conftest.c conftstm.o >&5
warning: (x86_64)  could not find object file symbol for symbol _main
configure:5055: $? = 0
configure:5093: result: ok
configure:5361: checking for dsymutil
configure:5377: found /usr/bin/dsymutil
configure:5388: result: dsymutil
configure:5453: checking for nmedit
configure:5469: found /usr/bin/nmedit
configure:5480: result: nmedit
configure:5545: checking for lipo
configure:5561: found /usr/bin/lipo
configure:5572: result: lipo
configure:5637: checking for otool
configure:5653: found /usr/bin/otool
configure:5664: result: otool
configure:5729: checking for otool64
configure:5759: result: no
configure:5804: checking for -single_module linker flag
gcc -g -O2  -o libconftest.dylib -dynamiclib -Wl,-single_module conftest.c
configure:5831: result: yes
configure:5833: checking for -exported_symbols_list linker flag
configure:5853: gcc -o conftest -g -O2   -Wl,-exported_symbols_list,conftest.sym conftest.c  >&5
configure:5853: $? = 0
configure:5863: result: yes
configure:5905: checking how to run the C preprocessor
configure:5936: gcc -E  conftest.c
configure:5936: $? = 0
configure:5950: gcc -E  conftest.c
conftest.c:9:10: fatal error: 'ac_nonexistent.h' file not found
#include <ac_nonexistent.h>
         ^~~~~~~~~~~~~~~~~~
1 error generated.
configure:5950: $? = 1
configure: failed program was:
| /* confdefs.h */
| #define PACKAGE_NAME ""
| #define PACKAGE_TARNAME ""
| #define PACKAGE_VERSION ""
| #define PACKAGE_STRING ""
| #define PACKAGE_BUGREPORT ""
| #define PACKAGE_URL ""
| /* end confdefs.h.  */
| #include <ac_nonexistent.h>
configure:5975: result: gcc -E
configure:5995: gcc -E  conftest.c
configure:5995: $? = 0
configure:6009: gcc -E  conftest.c
conftest.c:9:10: fatal error: 'ac_nonexistent.h' file not found
#include <ac_nonexistent.h>
         ^~~~~~~~~~~~~~~~~~
1 error generated.
configure:6009: $? = 1
configure: failed program was:
| /* confdefs.h */
| #define PACKAGE_NAME ""
| #define PACKAGE_TARNAME ""
| #define PACKAGE_VERSION ""
| #define PACKAGE_STRING ""
| #define PACKAGE_BUGREPORT ""
| #define PACKAGE_URL ""
| /* end confdefs.h.  */
| #include <ac_nonexistent.h>
configure:6038: checking for ANSI C header files
configure:6058: gcc -c -g -O2  conftest.c >&5
configure:6058: $? = 0
configure:6131: gcc -o conftest -g -O2   conftest.c  >&5
configure:6131: $? = 0
configure:6131: ./conftest
configure:6131: $? = 0
configure:6142: result: yes
configure:6155: checking for sys/types.h
configure:6155: gcc -c -g -O2  conftest.c >&5
configure:6155: $? = 0
configure:6155: result: yes
configure:6155: checking for sys/stat.h
configure:6155: gcc -c -g -O2  conftest.c >&5
configure:6155: $? = 0
configure:6155: result: yes
configure:6155: checking for stdlib.h
configure:6155: gcc -c -g -O2  conftest.c >&5
configure:6155: $? = 0
configure:6155: result: yes
configure:6155: checking for string.h
configure:6155: gcc -c -g -O2  conftest.c >&5
configure:6155: $? = 0
configure:6155: result: yes
configure:6155: checking for memory.h
configure:6155: gcc -c -g -O2  conftest.c >&5
configure:6155: $? = 0
configure:6155: result: yes
configure:6155: checking for strings.h
configure:6155: gcc -c -g -O2  conftest.c >&5
configure:6155: $? = 0
configure:6155: result: yes
configure:6155: checking for inttypes.h
configure:6155: gcc -c -g -O2  conftest.c >&5
configure:6155: $? = 0
configure:6155: result: yes
configure:6155: checking for stdint.h
configure:6155: gcc -c -g -O2  conftest.c >&5
configure:6155: $? = 0
configure:6155: result: yes
configure:6155: checking for unistd.h
configure:6155: gcc -c -g -O2  conftest.c >&5
configure:6155: $? = 0
configure:6155: result: yes
configure:6169: checking for dlfcn.h
configure:6169: gcc -c -g -O2  conftest.c >&5
configure:6169: $? = 0
configure:6169: result: yes
configure:6651: checking for objdir
configure:6666: result: .libs
configure:6962: checking if gcc supports -fno-rtti -fno-exceptions
configure:6980: gcc -c -g -O2  -fno-rtti -fno-exceptions conftest.c >&5
configure:6984: $? = 0
configure:6997: result: yes
configure:7017: checking for gcc option to produce PIC
configure:7289: result: -fno-common -DPIC
configure:7301: checking if gcc PIC flag -fno-common -DPIC works
configure:7319: gcc -c -g -O2  -fno-common -DPIC -DPIC conftest.c >&5
configure:7323: $? = 0
configure:7336: result: yes
configure:7360: checking if gcc static flag -static works
configure:7388: result: no
configure:7403: checking if gcc supports -c -o file.o
configure:7424: gcc -c -g -O2  -o out/conftest2.o conftest.c >&5
configure:7428: $? = 0
configure:7450: result: yes
configure:7458: checking if gcc supports -c -o file.o
configure:7505: result: yes
configure:7538: checking whether the gcc linker (/Applications/Xcode.app/Contents/Developer/Toolchains/XcodeDefault.xctoolchain/usr/bin/ld) supports shared libraries
configure:8524: result: yes
configure:8763: checking dynamic linker characteristics
configure:9416: result: darwin16.7.0 dyld
configure:9518: checking how to hardcode library paths into programs
configure:9543: result: immediate
configure:10063: checking whether stripping libraries is possible
configure:10077: result: yes
configure:10103: checking if libtool supports shared libraries
configure:10105: result: yes
configure:10108: checking whether to build shared libraries
configure:10129: result: yes
configure:10132: checking whether to build static libraries
configure:10136: result: yes
configure:10262: checking for gcc
configure:10289: result: gcc
configure:10518: checking for C compiler version
configure:10527: gcc --version >&5
Apple LLVM version 9.0.0 (clang-900.0.39.2)
Target: x86_64-apple-darwin16.7.0
Thread model: posix
InstalledDir: /Applications/Xcode.app/Contents/Developer/Toolchains/XcodeDefault.xctoolchain/usr/bin
Configured with: --prefix=/Applications/Xcode.app/Contents/Developer/usr --with-gxx-include-dir=/usr/include/c++/4.2.1
configure:10538: $? = 0
configure:10527: gcc -v >&5
Configured with: --prefix=/Applications/Xcode.app/Contents/Developer/usr --with-gxx-include-dir=/usr/include/c++/4.2.1
Apple LLVM version 9.0.0 (clang-900.0.39.2)
Target: x86_64-apple-darwin16.7.0
Thread model: posix
InstalledDir: /Applications/Xcode.app/Contents/Developer/Toolchains/XcodeDefault.xctoolchain/usr/bin
configure:10538: $? = 0
configure:10527: gcc -V >&5
clang: error: argument to '-V' is missing (expected 1 value)
clang: error: no input files
configure:10538: $? = 1
configure:10527: gcc -qversion >&5
clang: error: unknown argument: '-qversion'
clang: error: no input files
configure:10538: $? = 1
configure:10542: checking whether we are using the GNU C compiler
configure:10570: result: yes
configure:10579: checking whether gcc accepts -g
configure:10640: result: yes
configure:10657: checking for gcc option to accept ISO C89
configure:10733: result: none needed
configure:10767: checking for a BSD-compatible install
configure:10835: result: /usr/bin/install -c
configure:10846: checking whether make sets $(MAKE)
configure:10868: result: yes
configure:10886: checking for windres
configure:10916: result: no
configure:10886: checking for darwin16.7.0-windres
configure:10916: result: no
configure:10953: checking for an ANSI C-conforming const
configure:11019: gcc -c -g -O2  -D_GNU_SOURCE=1   -D_GNU_SOURCE=1 conftest.c >&5
configure:11019: $? = 0
configure:11026: result: yes
configure:11044: checking for GCC -MMD -MT option
configure:11062: gcc -c -g -O2  -D_GNU_SOURCE=1   -D_GNU_SOURCE=1 conftest.c >&5
configure:11062: $? = 0
configure:11068: result: yes
configure:11214: checking for pkg-config
configure:11247: result: no
configure:11405: checking for sdl2-config
configure:11436: result: /Users/lnieto/sdl/SDL2-2.0.8/bin/sdl2-config
configure:11445: checking for SDL - version >= 2.0.7
configure:11533: gcc -o conftest -g -O2  -D_GNU_SOURCE=1 -I/Users/lnieto/sdl/SDL2-2.0.8/include/SDL2 -I/usr/X11R6/include -D_THREAD_SAFE   -D_GNU_SOURCE=1   conftest.c  -L/Users/lnieto/sdl/SDL2-2.0.8/lib -lSDL2 >&5
configure:11533: $? = 0
configure:11533: ./conftest
configure:11533: $? = 0
configure:11548: result: yes
configure:11625: checking for pow in -lm
configure:11650: gcc -o conftest -g -O2  -D_GNU_SOURCE=1   -D_GNU_SOURCE=1   conftest.c -lm   >&5
conftest.c:28:6: warning: incompatible redeclaration of library function 'pow' [-Wincompatible-library-redeclaration]
char pow ();
     ^
conftest.c:28:6: note: 'pow' is a builtin with type 'double (double, double)'
1 warning generated.
configure:11650: $? = 0
configure:11659: result: yes
configure:11668: checking signal.h usability
configure:11668: gcc -c -g -O2  -D_GNU_SOURCE=1   -D_GNU_SOURCE=1 conftest.c >&5
configure:11668: $? = 0
configure:11668: result: yes
configure:11668: checking signal.h presence
configure:11668: gcc -E   -D_GNU_SOURCE=1 conftest.c
configure:11668: $? = 0
configure:11668: result: yes
configure:11668: checking for signal.h
configure:11668: result: yes
configure:11680: checking for setbuf
configure:11680: gcc -o conftest -g -O2  -D_GNU_SOURCE=1   -D_GNU_SOURCE=1   conftest.c  >&5
configure:11680: $? = 0
configure:11680: result: yes
configure:11106: checking for GCC -fvisibility=hidden option
configure:11129: gcc -c -g -O2  -D_GNU_SOURCE=1 -fvisibility=hidden -Werror   -D_GNU_SOURCE=1 conftest.c >&5
configure:11129: $? = 0
configure:11135: result: yes
configure:11704: checking for fork
configure:11704: gcc -o conftest -g -O2  -D_GNU_SOURCE=1   -D_GNU_SOURCE=1   conftest.c  >&5
configure:11704: $? = 0
configure:11704: result: yes
configure:11704: checking for vfork
configure:11704: gcc -o conftest -g -O2  -D_GNU_SOURCE=1   -D_GNU_SOURCE=1   conftest.c  >&5
conftest.c:47:6: warning: incompatible redeclaration of library function 'vfork' [-Wincompatible-library-redeclaration]
char vfork ();
     ^
conftest.c:47:6: note: 'vfork' is a builtin with type 'int (void)'
1 warning generated.
configure:11704: $? = 0
configure:11704: result: yes
configure:11763: checking for MODPLUG
configure:11870: checking libmodplug/modplug.h usability
configure:11870: gcc -c -g -O2  -D_GNU_SOURCE=1   -D_GNU_SOURCE=1 conftest.c >&5
conftest.c:58:10: fatal error: 'libmodplug/modplug.h' file not found
#include <libmodplug/modplug.h>
         ^~~~~~~~~~~~~~~~~~~~~~
1 error generated.
configure:11870: $? = 1
configure: failed program was:
| /* confdefs.h */
| #define PACKAGE_NAME ""
| #define PACKAGE_TARNAME ""
| #define PACKAGE_VERSION ""
| #define PACKAGE_STRING ""
| #define PACKAGE_BUGREPORT ""
| #define PACKAGE_URL ""
| #define STDC_HEADERS 1
| #define HAVE_SYS_TYPES_H 1
| #define HAVE_SYS_STAT_H 1
| #define HAVE_STDLIB_H 1
| #define HAVE_STRING_H 1
| #define HAVE_MEMORY_H 1
| #define HAVE_STRINGS_H 1
| #define HAVE_INTTYPES_H 1
| #define HAVE_STDINT_H 1
| #define HAVE_UNISTD_H 1
| #define HAVE_DLFCN_H 1
| #define LT_OBJDIR ".libs/"
| #define HAVE_SIGNAL_H 1
| #define HAVE_SETBUF 1
| #define HAVE_FORK 1
| #define HAVE_VFORK 1
| /* end confdefs.h.  */
| #include <stdio.h>
| #ifdef HAVE_SYS_TYPES_H
| # include <sys/types.h>
| #endif
| #ifdef HAVE_SYS_STAT_H
| # include <sys/stat.h>
| #endif
| #ifdef STDC_HEADERS
| # include <stdlib.h>
| # include <stddef.h>
| #else
| # ifdef HAVE_STDLIB_H
| #  include <stdlib.h>
| # endif
| #endif
| #ifdef HAVE_STRING_H
| # if !defined STDC_HEADERS && defined HAVE_MEMORY_H
| #  include <memory.h>
| # endif
| # include <string.h>
| #endif
| #ifdef HAVE_STRINGS_H
| # include <strings.h>
| #endif
| #ifdef HAVE_INTTYPES_H
| # include <inttypes.h>
| #endif
| #ifdef HAVE_STDINT_H
| # include <stdint.h>
| #endif
| #ifdef HAVE_UNISTD_H
| # include <unistd.h>
| #endif
| #include <libmodplug/modplug.h>
configure:11870: result: no
configure:11870: checking libmodplug/modplug.h presence
configure:11870: gcc -E   -D_GNU_SOURCE=1 conftest.c
conftest.c:25:10: fatal error: 'libmodplug/modplug.h' file not found
#include <libmodplug/modplug.h>
         ^~~~~~~~~~~~~~~~~~~~~~
1 error generated.
configure:11870: $? = 1
configure: failed program was:
| /* confdefs.h */
| #define PACKAGE_NAME ""
| #define PACKAGE_TARNAME ""
| #define PACKAGE_VERSION ""
| #define PACKAGE_STRING ""
| #define PACKAGE_BUGREPORT ""
| #define PACKAGE_URL ""
| #define STDC_HEADERS 1
| #define HAVE_SYS_TYPES_H 1
| #define HAVE_SYS_STAT_H 1
| #define HAVE_STDLIB_H 1
| #define HAVE_STRING_H 1
| #define HAVE_MEMORY_H 1
| #define HAVE_STRINGS_H 1
| #define HAVE_INTTYPES_H 1
| #define HAVE_STDINT_H 1
| #define HAVE_UNISTD_H 1
| #define HAVE_DLFCN_H 1
| #define LT_OBJDIR ".libs/"
| #define HAVE_SIGNAL_H 1
| #define HAVE_SETBUF 1
| #define HAVE_FORK 1
| #define HAVE_VFORK 1
| /* end confdefs.h.  */
| #include <libmodplug/modplug.h>
configure:11870: result: no
configure:11870: checking for libmodplug/modplug.h
configure:11870: result: no
configure:11876: checking for ModPlug_Load in -lmodplug
configure:11901: gcc -o conftest -g -O2  -D_GNU_SOURCE=1   -D_GNU_SOURCE=1   conftest.c -lmodplug   >&5
ld: library not found for -lmodplug
clang: error: linker command failed with exit code 1 (use -v to see invocation)
configure:11901: $? = 1
configure: failed program was:
| /* confdefs.h */
| #define PACKAGE_NAME ""
| #define PACKAGE_TARNAME ""
| #define PACKAGE_VERSION ""
| #define PACKAGE_STRING ""
| #define PACKAGE_BUGREPORT ""
| #define PACKAGE_URL ""
| #define STDC_HEADERS 1
| #define HAVE_SYS_TYPES_H 1
| #define HAVE_SYS_STAT_H 1
| #define HAVE_STDLIB_H 1
| #define HAVE_STRING_H 1
| #define HAVE_MEMORY_H 1
| #define HAVE_STRINGS_H 1
| #define HAVE_INTTYPES_H 1
| #define HAVE_STDINT_H 1
| #define HAVE_UNISTD_H 1
| #define HAVE_DLFCN_H 1
| #define LT_OBJDIR ".libs/"
| #define HAVE_SIGNAL_H 1
| #define HAVE_SETBUF 1
| #define HAVE_FORK 1
| #define HAVE_VFORK 1
| /* end confdefs.h.  */
| 
| /* Override any GCC internal prototype to avoid an error.
|    Use char because int might match the return type of a GCC
|    builtin and then its argument prototype would still apply.  */
| #ifdef __cplusplus
| extern "C"
| #endif
| char ModPlug_Load ();
| int
| main ()
| {
| return ModPlug_Load ();
|   ;
|   return 0;
| }
configure:11910: result: no
configure:11951: WARNING: *** Unable to find ModPlug library (http://modplug-xmms.sourceforge.net/)
configure:12088: WARNING: MOD support disabled
configure:12162: checking fluidsynth.h usability
configure:12162: gcc -c -g -O2  -D_GNU_SOURCE=1   -D_GNU_SOURCE=1 conftest.c >&5
conftest.c:58:10: fatal error: 'fluidsynth.h' file not found
#include <fluidsynth.h>
         ^~~~~~~~~~~~~~
1 error generated.
configure:12162: $? = 1
configure: failed program was:
| /* confdefs.h */
| #define PACKAGE_NAME ""
| #define PACKAGE_TARNAME ""
| #define PACKAGE_VERSION ""
| #define PACKAGE_STRING ""
| #define PACKAGE_BUGREPORT ""
| #define PACKAGE_URL ""
| #define STDC_HEADERS 1
| #define HAVE_SYS_TYPES_H 1
| #define HAVE_SYS_STAT_H 1
| #define HAVE_STDLIB_H 1
| #define HAVE_STRING_H 1
| #define HAVE_MEMORY_H 1
| #define HAVE_STRINGS_H 1
| #define HAVE_INTTYPES_H 1
| #define HAVE_STDINT_H 1
| #define HAVE_UNISTD_H 1
| #define HAVE_DLFCN_H 1
| #define LT_OBJDIR ".libs/"
| #define HAVE_SIGNAL_H 1
| #define HAVE_SETBUF 1
| #define HAVE_FORK 1
| #define HAVE_VFORK 1
| /* end confdefs.h.  */
| #include <stdio.h>
| #ifdef HAVE_SYS_TYPES_H
| # include <sys/types.h>
| #endif
| #ifdef HAVE_SYS_STAT_H
| # include <sys/stat.h>
| #endif
| #ifdef STDC_HEADERS
| # include <stdlib.h>
| # include <stddef.h>
| #else
| # ifdef HAVE_STDLIB_H
| #  include <stdlib.h>
| # endif
| #endif
| #ifdef HAVE_STRING_H
| # if !defined STDC_HEADERS && defined HAVE_MEMORY_H
| #  include <memory.h>
| # endif
| # include <string.h>
| #endif
| #ifdef HAVE_STRINGS_H
| # include <strings.h>
| #endif
| #ifdef HAVE_INTTYPES_H
| # include <inttypes.h>
| #endif
| #ifdef HAVE_STDINT_H
| # include <stdint.h>
| #endif
| #ifdef HAVE_UNISTD_H
| # include <unistd.h>
| #endif
| #include <fluidsynth.h>
configure:12162: result: no
configure:12162: checking fluidsynth.h presence
configure:12162: gcc -E   -D_GNU_SOURCE=1 conftest.c
conftest.c:25:10: fatal error: 'fluidsynth.h' file not found
#include <fluidsynth.h>
         ^~~~~~~~~~~~~~
1 error generated.
configure:12162: $? = 1
configure: failed program was:
| /* confdefs.h */
| #define PACKAGE_NAME ""
| #define PACKAGE_TARNAME ""
| #define PACKAGE_VERSION ""
| #define PACKAGE_STRING ""
| #define PACKAGE_BUGREPORT ""
| #define PACKAGE_URL ""
| #define STDC_HEADERS 1
| #define HAVE_SYS_TYPES_H 1
| #define HAVE_SYS_STAT_H 1
| #define HAVE_STDLIB_H 1
| #define HAVE_STRING_H 1
| #define HAVE_MEMORY_H 1
| #define HAVE_STRINGS_H 1
| #define HAVE_INTTYPES_H 1
| #define HAVE_STDINT_H 1
| #define HAVE_UNISTD_H 1
| #define HAVE_DLFCN_H 1
| #define LT_OBJDIR ".libs/"
| #define HAVE_SIGNAL_H 1
| #define HAVE_SETBUF 1
| #define HAVE_FORK 1
| #define HAVE_VFORK 1
| /* end confdefs.h.  */
| #include <fluidsynth.h>
configure:12162: result: no
configure:12162: checking for fluidsynth.h
configure:12162: result: no
configure:12168: checking for fluid_player_add_mem in -lfluidsynth
configure:12193: gcc -o conftest -g -O2  -D_GNU_SOURCE=1   -D_GNU_SOURCE=1   conftest.c -lfluidsynth   >&5
ld: library not found for -lfluidsynth
clang: error: linker command failed with exit code 1 (use -v to see invocation)
configure:12193: $? = 1
configure: failed program was:
| /* confdefs.h */
| #define PACKAGE_NAME ""
| #define PACKAGE_TARNAME ""
| #define PACKAGE_VERSION ""
| #define PACKAGE_STRING ""
| #define PACKAGE_BUGREPORT ""
| #define PACKAGE_URL ""
| #define STDC_HEADERS 1
| #define HAVE_SYS_TYPES_H 1
| #define HAVE_SYS_STAT_H 1
| #define HAVE_STDLIB_H 1
| #define HAVE_STRING_H 1
| #define HAVE_MEMORY_H 1
| #define HAVE_STRINGS_H 1
| #define HAVE_INTTYPES_H 1
| #define HAVE_STDINT_H 1
| #define HAVE_UNISTD_H 1
| #define HAVE_DLFCN_H 1
| #define LT_OBJDIR ".libs/"
| #define HAVE_SIGNAL_H 1
| #define HAVE_SETBUF 1
| #define HAVE_FORK 1
| #define HAVE_VFORK 1
| /* end confdefs.h.  */
| 
| /* Override any GCC internal prototype to avoid an error.
|    Use char because int might match the return type of a GCC
|    builtin and then its argument prototype would still apply.  */
| #ifdef __cplusplus
| extern "C"
| #endif
| char fluid_player_add_mem ();
| int
| main ()
| {
| return fluid_player_add_mem ();
|   ;
|   return 0;
| }
configure:12202: result: no
configure:12232: WARNING: *** Unable to find FluidSynth library (http://www.fluidsynth.org/)
configure:12234: WARNING: FluidSynth support disabled
configure:12347: checking vorbis/vorbisfile.h usability
configure:12347: gcc -c -g -O2  -D_GNU_SOURCE=1   -D_GNU_SOURCE=1 conftest.c >&5
conftest.c:58:10: fatal error: 'vorbis/vorbisfile.h' file not found
#include <vorbis/vorbisfile.h>
         ^~~~~~~~~~~~~~~~~~~~~
1 error generated.
configure:12347: $? = 1
configure: failed program was:
| /* confdefs.h */
| #define PACKAGE_NAME ""
| #define PACKAGE_TARNAME ""
| #define PACKAGE_VERSION ""
| #define PACKAGE_STRING ""
| #define PACKAGE_BUGREPORT ""
| #define PACKAGE_URL ""
| #define STDC_HEADERS 1
| #define HAVE_SYS_TYPES_H 1
| #define HAVE_SYS_STAT_H 1
| #define HAVE_STDLIB_H 1
| #define HAVE_STRING_H 1
| #define HAVE_MEMORY_H 1
| #define HAVE_STRINGS_H 1
| #define HAVE_INTTYPES_H 1
| #define HAVE_STDINT_H 1
| #define HAVE_UNISTD_H 1
| #define HAVE_DLFCN_H 1
| #define LT_OBJDIR ".libs/"
| #define HAVE_SIGNAL_H 1
| #define HAVE_SETBUF 1
| #define HAVE_FORK 1
| #define HAVE_VFORK 1
| /* end confdefs.h.  */
| #include <stdio.h>
| #ifdef HAVE_SYS_TYPES_H
| # include <sys/types.h>
| #endif
| #ifdef HAVE_SYS_STAT_H
| # include <sys/stat.h>
| #endif
| #ifdef STDC_HEADERS
| # include <stdlib.h>
| # include <stddef.h>
| #else
| # ifdef HAVE_STDLIB_H
| #  include <stdlib.h>
| # endif
| #endif
| #ifdef HAVE_STRING_H
| # if !defined STDC_HEADERS && defined HAVE_MEMORY_H
| #  include <memory.h>
| # endif
| # include <string.h>
| #endif
| #ifdef HAVE_STRINGS_H
| # include <strings.h>
| #endif
| #ifdef HAVE_INTTYPES_H
| # include <inttypes.h>
| #endif
| #ifdef HAVE_STDINT_H
| # include <stdint.h>
| #endif
| #ifdef HAVE_UNISTD_H
| # include <unistd.h>
| #endif
| #include <vorbis/vorbisfile.h>
configure:12347: result: no
configure:12347: checking vorbis/vorbisfile.h presence
configure:12347: gcc -E   -D_GNU_SOURCE=1 conftest.c
conftest.c:25:10: fatal error: 'vorbis/vorbisfile.h' file not found
#include <vorbis/vorbisfile.h>
         ^~~~~~~~~~~~~~~~~~~~~
1 error generated.
configure:12347: $? = 1
configure: failed program was:
| /* confdefs.h */
| #define PACKAGE_NAME ""
| #define PACKAGE_TARNAME ""
| #define PACKAGE_VERSION ""
| #define PACKAGE_STRING ""
| #define PACKAGE_BUGREPORT ""
| #define PACKAGE_URL ""
| #define STDC_HEADERS 1
| #define HAVE_SYS_TYPES_H 1
| #define HAVE_SYS_STAT_H 1
| #define HAVE_STDLIB_H 1
| #define HAVE_STRING_H 1
| #define HAVE_MEMORY_H 1
| #define HAVE_STRINGS_H 1
| #define HAVE_INTTYPES_H 1
| #define HAVE_STDINT_H 1
| #define HAVE_UNISTD_H 1
| #define HAVE_DLFCN_H 1
| #define LT_OBJDIR ".libs/"
| #define HAVE_SIGNAL_H 1
| #define HAVE_SETBUF 1
| #define HAVE_FORK 1
| #define HAVE_VFORK 1
| /* end confdefs.h.  */
| #include <vorbis/vorbisfile.h>
configure:12347: result: no
configure:12347: checking for vorbis/vorbisfile.h
configure:12347: result: no
configure:12354: checking for ov_open_callbacks in -lvorbisfile -lvorbis -logg -lm
configure:12379: gcc -o conftest -g -O2  -D_GNU_SOURCE=1   -D_GNU_SOURCE=1   conftest.c -lvorbisfile -lvorbis -logg -lm   >&5
ld: library not found for -lvorbisfile
clang: error: linker command failed with exit code 1 (use -v to see invocation)
configure:12379: $? = 1
configure: failed program was:
| /* confdefs.h */
| #define PACKAGE_NAME ""
| #define PACKAGE_TARNAME ""
| #define PACKAGE_VERSION ""
| #define PACKAGE_STRING ""
| #define PACKAGE_BUGREPORT ""
| #define PACKAGE_URL ""
| #define STDC_HEADERS 1
| #define HAVE_SYS_TYPES_H 1
| #define HAVE_SYS_STAT_H 1
| #define HAVE_STDLIB_H 1
| #define HAVE_STRING_H 1
| #define HAVE_MEMORY_H 1
| #define HAVE_STRINGS_H 1
| #define HAVE_INTTYPES_H 1
| #define HAVE_STDINT_H 1
| #define HAVE_UNISTD_H 1
| #define HAVE_DLFCN_H 1
| #define LT_OBJDIR ".libs/"
| #define HAVE_SIGNAL_H 1
| #define HAVE_SETBUF 1
| #define HAVE_FORK 1
| #define HAVE_VFORK 1
| /* end confdefs.h.  */
| 
| /* Override any GCC internal prototype to avoid an error.
|    Use char because int might match the return type of a GCC
|    builtin and then its argument prototype would still apply.  */
| #ifdef __cplusplus
| extern "C"
| #endif
| char ov_open_callbacks ();
| int
| main ()
| {
| return ov_open_callbacks ();
|   ;
|   return 0;
| }
configure:12389: result: no
configure:12418: WARNING: *** Unable to find Ogg Vorbis library (http://www.xiph.org/)
configure:12420: WARNING: Ogg Vorbis support disabled
configure:12442: checking FLAC/export.h usability
configure:12442: gcc -c -g -O2  -D_GNU_SOURCE=1   -D_GNU_SOURCE=1 conftest.c >&5
conftest.c:58:10: fatal error: 'FLAC/export.h' file not found
#include <FLAC/export.h>
         ^~~~~~~~~~~~~~~
1 error generated.
configure:12442: $? = 1
configure: failed program was:
| /* confdefs.h */
| #define PACKAGE_NAME ""
| #define PACKAGE_TARNAME ""
| #define PACKAGE_VERSION ""
| #define PACKAGE_STRING ""
| #define PACKAGE_BUGREPORT ""
| #define PACKAGE_URL ""
| #define STDC_HEADERS 1
| #define HAVE_SYS_TYPES_H 1
| #define HAVE_SYS_STAT_H 1
| #define HAVE_STDLIB_H 1
| #define HAVE_STRING_H 1
| #define HAVE_MEMORY_H 1
| #define HAVE_STRINGS_H 1
| #define HAVE_INTTYPES_H 1
| #define HAVE_STDINT_H 1
| #define HAVE_UNISTD_H 1
| #define HAVE_DLFCN_H 1
| #define LT_OBJDIR ".libs/"
| #define HAVE_SIGNAL_H 1
| #define HAVE_SETBUF 1
| #define HAVE_FORK 1
| #define HAVE_VFORK 1
| /* end confdefs.h.  */
| #include <stdio.h>
| #ifdef HAVE_SYS_TYPES_H
| # include <sys/types.h>
| #endif
| #ifdef HAVE_SYS_STAT_H
| # include <sys/stat.h>
| #endif
| #ifdef STDC_HEADERS
| # include <stdlib.h>
| # include <stddef.h>
| #else
| # ifdef HAVE_STDLIB_H
| #  include <stdlib.h>
| # endif
| #endif
| #ifdef HAVE_STRING_H
| # if !defined STDC_HEADERS && defined HAVE_MEMORY_H
| #  include <memory.h>
| # endif
| # include <string.h>
| #endif
| #ifdef HAVE_STRINGS_H
| # include <strings.h>
| #endif
| #ifdef HAVE_INTTYPES_H
| # include <inttypes.h>
| #endif
| #ifdef HAVE_STDINT_H
| # include <stdint.h>
| #endif
| #ifdef HAVE_UNISTD_H
| # include <unistd.h>
| #endif
| #include <FLAC/export.h>
configure:12442: result: no
configure:12442: checking FLAC/export.h presence
configure:12442: gcc -E   -D_GNU_SOURCE=1 conftest.c
conftest.c:25:10: fatal error: 'FLAC/export.h' file not found
#include <FLAC/export.h>
         ^~~~~~~~~~~~~~~
1 error generated.
configure:12442: $? = 1
configure: failed program was:
| /* confdefs.h */
| #define PACKAGE_NAME ""
| #define PACKAGE_TARNAME ""
| #define PACKAGE_VERSION ""
| #define PACKAGE_STRING ""
| #define PACKAGE_BUGREPORT ""
| #define PACKAGE_URL ""
| #define STDC_HEADERS 1
| #define HAVE_SYS_TYPES_H 1
| #define HAVE_SYS_STAT_H 1
| #define HAVE_STDLIB_H 1
| #define HAVE_STRING_H 1
| #define HAVE_MEMORY_H 1
| #define HAVE_STRINGS_H 1
| #define HAVE_INTTYPES_H 1
| #define HAVE_STDINT_H 1
| #define HAVE_UNISTD_H 1
| #define HAVE_DLFCN_H 1
| #define LT_OBJDIR ".libs/"
| #define HAVE_SIGNAL_H 1
| #define HAVE_SETBUF 1
| #define HAVE_FORK 1
| #define HAVE_VFORK 1
| /* end confdefs.h.  */
| #include <FLAC/export.h>
configure:12442: result: no
configure:12442: checking for FLAC/export.h
configure:12442: result: no
configure:12554: WARNING: *** Unable to find FLAC library (http://flac.sourceforge.net/)
configure:12556: WARNING: FLAC support disabled
configure:12919: checking mpg123.h usability
configure:12919: gcc -c -g -O2  -D_GNU_SOURCE=1   -D_GNU_SOURCE=1 conftest.c >&5
conftest.c:58:10: fatal error: 'mpg123.h' file not found
#include <mpg123.h>
         ^~~~~~~~~~
1 error generated.
configure:12919: $? = 1
configure: failed program was:
| /* confdefs.h */
| #define PACKAGE_NAME ""
| #define PACKAGE_TARNAME ""
| #define PACKAGE_VERSION ""
| #define PACKAGE_STRING ""
| #define PACKAGE_BUGREPORT ""
| #define PACKAGE_URL ""
| #define STDC_HEADERS 1
| #define HAVE_SYS_TYPES_H 1
| #define HAVE_SYS_STAT_H 1
| #define HAVE_STDLIB_H 1
| #define HAVE_STRING_H 1
| #define HAVE_MEMORY_H 1
| #define HAVE_STRINGS_H 1
| #define HAVE_INTTYPES_H 1
| #define HAVE_STDINT_H 1
| #define HAVE_UNISTD_H 1
| #define HAVE_DLFCN_H 1
| #define LT_OBJDIR ".libs/"
| #define HAVE_SIGNAL_H 1
| #define HAVE_SETBUF 1
| #define HAVE_FORK 1
| #define HAVE_VFORK 1
| /* end confdefs.h.  */
| #include <stdio.h>
| #ifdef HAVE_SYS_TYPES_H
| # include <sys/types.h>
| #endif
| #ifdef HAVE_SYS_STAT_H
| # include <sys/stat.h>
| #endif
| #ifdef STDC_HEADERS
| # include <stdlib.h>
| # include <stddef.h>
| #else
| # ifdef HAVE_STDLIB_H
| #  include <stdlib.h>
| # endif
| #endif
| #ifdef HAVE_STRING_H
| # if !defined STDC_HEADERS && defined HAVE_MEMORY_H
| #  include <memory.h>
| # endif
| # include <string.h>
| #endif
| #ifdef HAVE_STRINGS_H
| # include <strings.h>
| #endif
| #ifdef HAVE_INTTYPES_H
| # include <inttypes.h>
| #endif
| #ifdef HAVE_STDINT_H
| # include <stdint.h>
| #endif
| #ifdef HAVE_UNISTD_H
| # include <unistd.h>
| #endif
| #include <mpg123.h>
configure:12919: result: no
configure:12919: checking mpg123.h presence
configure:12919: gcc -E   -D_GNU_SOURCE=1 conftest.c
conftest.c:25:10: fatal error: 'mpg123.h' file not found
#include <mpg123.h>
         ^~~~~~~~~~
1 error generated.
configure:12919: $? = 1
configure: failed program was:
| /* confdefs.h */
| #define PACKAGE_NAME ""
| #define PACKAGE_TARNAME ""
| #define PACKAGE_VERSION ""
| #define PACKAGE_STRING ""
| #define PACKAGE_BUGREPORT ""
| #define PACKAGE_URL ""
| #define STDC_HEADERS 1
| #define HAVE_SYS_TYPES_H 1
| #define HAVE_SYS_STAT_H 1
| #define HAVE_STDLIB_H 1
| #define HAVE_STRING_H 1
| #define HAVE_MEMORY_H 1
| #define HAVE_STRINGS_H 1
| #define HAVE_INTTYPES_H 1
| #define HAVE_STDINT_H 1
| #define HAVE_UNISTD_H 1
| #define HAVE_DLFCN_H 1
| #define LT_OBJDIR ".libs/"
| #define HAVE_SIGNAL_H 1
| #define HAVE_SETBUF 1
| #define HAVE_FORK 1
| #define HAVE_VFORK 1
| /* end confdefs.h.  */
| #include <mpg123.h>
configure:12919: result: no
configure:12919: checking for mpg123.h
configure:12919: result: no
configure:12925: checking for mpg123_replace_reader_handle in -lmpg123
configure:12950: gcc -o conftest -g -O2  -D_GNU_SOURCE=1   -D_GNU_SOURCE=1   conftest.c -lmpg123   >&5
ld: library not found for -lmpg123
clang: error: linker command failed with exit code 1 (use -v to see invocation)
configure:12950: $? = 1
configure: failed program was:
| /* confdefs.h */
| #define PACKAGE_NAME ""
| #define PACKAGE_TARNAME ""
| #define PACKAGE_VERSION ""
| #define PACKAGE_STRING ""
| #define PACKAGE_BUGREPORT ""
| #define PACKAGE_URL ""
| #define STDC_HEADERS 1
| #define HAVE_SYS_TYPES_H 1
| #define HAVE_SYS_STAT_H 1
| #define HAVE_STDLIB_H 1
| #define HAVE_STRING_H 1
| #define HAVE_MEMORY_H 1
| #define HAVE_STRINGS_H 1
| #define HAVE_INTTYPES_H 1
| #define HAVE_STDINT_H 1
| #define HAVE_UNISTD_H 1
| #define HAVE_DLFCN_H 1
| #define LT_OBJDIR ".libs/"
| #define HAVE_SIGNAL_H 1
| #define HAVE_SETBUF 1
| #define HAVE_FORK 1
| #define HAVE_VFORK 1
| /* end confdefs.h.  */
| 
| /* Override any GCC internal prototype to avoid an error.
|    Use char because int might match the return type of a GCC
|    builtin and then its argument prototype would still apply.  */
| #ifdef __cplusplus
| extern "C"
| #endif
| char mpg123_replace_reader_handle ();
| int
| main ()
| {
| return mpg123_replace_reader_handle ();
|   ;
|   return 0;
| }
configure:12959: result: no
configure:12986: WARNING: *** Unable to find mpg123 library (https://www.mpg123.de)
configure:12988: WARNING: mpg123 support disabled
configure:13212: creating ./config.status

## ---------------------- ##
## Running config.status. ##
## ---------------------- ##

This file was extended by config.status, which was
generated by GNU Autoconf 2.69.  Invocation command line was

  CONFIG_FILES    = 
  CONFIG_HEADERS  = 
  CONFIG_LINKS    = 
  CONFIG_COMMANDS = 
  $ ./config.status 

on z2r5p4.le-101.fr

config.status:1137: executing libtool commands
configure:15289: creating ./config.status

## ---------------------- ##
## Running config.status. ##
## ---------------------- ##

This file was extended by config.status, which was
generated by GNU Autoconf 2.69.  Invocation command line was

  CONFIG_FILES    = 
  CONFIG_HEADERS  = 
  CONFIG_LINKS    = 
  CONFIG_COMMANDS = 
  $ ./config.status 

on z2r5p4.le-101.fr

config.status:1065: creating Makefile
config.status:1065: creating SDL2_mixer.spec
config.status:1065: creating SDL2_mixer.pc
config.status:1216: executing libtool commands
config.status:1216: executing default commands

## ---------------- ##
## Cache variables. ##
## ---------------- ##

ac_cv_build=x86_64-apple-darwin16.7.0
ac_cv_c_compiler_gnu=yes
ac_cv_c_const=yes
ac_cv_env_CC_set=
ac_cv_env_CC_value=
ac_cv_env_CFLAGS_set=
ac_cv_env_CFLAGS_value=
ac_cv_env_CPPFLAGS_set=
ac_cv_env_CPPFLAGS_value=
ac_cv_env_CPP_set=
ac_cv_env_CPP_value=
ac_cv_env_LDFLAGS_set=
ac_cv_env_LDFLAGS_value=
ac_cv_env_LIBS_set=
ac_cv_env_LIBS_value=
ac_cv_env_MODPLUG_CFLAGS_set=
ac_cv_env_MODPLUG_CFLAGS_value=
ac_cv_env_MODPLUG_LIBS_set=
ac_cv_env_MODPLUG_LIBS_value=
ac_cv_env_PKG_CONFIG_set=
ac_cv_env_PKG_CONFIG_value=
ac_cv_env_SDL_CFLAGS_set=
ac_cv_env_SDL_CFLAGS_value=
ac_cv_env_SDL_LIBS_set=
ac_cv_env_SDL_LIBS_value=
ac_cv_env_build_alias_set=
ac_cv_env_build_alias_value=
ac_cv_env_host_alias_set=
ac_cv_env_host_alias_value=
ac_cv_env_target_alias_set=
ac_cv_env_target_alias_value=
ac_cv_func_fork=yes
ac_cv_func_setbuf=yes
ac_cv_func_vfork=yes
ac_cv_header_FLAC_export_h=no
ac_cv_header_dlfcn_h=yes
ac_cv_header_fluidsynth_h=no
ac_cv_header_inttypes_h=yes
ac_cv_header_libmodplug_modplug_h=no
ac_cv_header_memory_h=yes
ac_cv_header_mpg123_h=no
ac_cv_header_signal_h=yes
ac_cv_header_stdc=yes
ac_cv_header_stdint_h=yes
ac_cv_header_stdlib_h=yes
ac_cv_header_string_h=yes
ac_cv_header_strings_h=yes
ac_cv_header_sys_stat_h=yes
ac_cv_header_sys_types_h=yes
ac_cv_header_unistd_h=yes
ac_cv_header_vorbis_vorbisfile_h=no
ac_cv_host=x86_64-apple-darwin16.7.0
ac_cv_lib_fluidsynth_fluid_player_add_mem=no
ac_cv_lib_m_pow=yes
ac_cv_lib_modplug_ModPlug_Load=no
ac_cv_lib_mpg123_mpg123_replace_reader_handle=no
ac_cv_lib_vorbisfile__lvorbis__logg__lm___ov_open_callbacks=no
ac_cv_objext=o
ac_cv_path_EGREP='/usr/bin/grep -E'
ac_cv_path_FGREP='/usr/bin/grep -F'
ac_cv_path_GREP=/usr/bin/grep
ac_cv_path_SDL2_CONFIG=/Users/lnieto/sdl/SDL2-2.0.8/bin/sdl2-config
ac_cv_path_SED=/usr/bin/sed
ac_cv_path_install='/usr/bin/install -c'
ac_cv_prog_CPP='gcc -E'
ac_cv_prog_ac_ct_AR=ar
ac_cv_prog_ac_ct_CC=gcc
ac_cv_prog_ac_ct_DSYMUTIL=dsymutil
ac_cv_prog_ac_ct_LIPO=lipo
ac_cv_prog_ac_ct_NMEDIT=nmedit
ac_cv_prog_ac_ct_OBJDUMP=objdump
ac_cv_prog_ac_ct_OTOOL=otool
ac_cv_prog_ac_ct_RANLIB=ranlib
ac_cv_prog_ac_ct_STRIP=strip
ac_cv_prog_cc_c89=
ac_cv_prog_cc_g=yes
ac_cv_prog_make_make_set=yes
lt_cv_apple_cc_single_mod=yes
lt_cv_deplibs_check_method=pass_all
lt_cv_file_magic_cmd='$MAGIC_CMD'
lt_cv_file_magic_test_file=
lt_cv_ld_exported_symbols_list=yes
lt_cv_ld_reload_flag=-r
lt_cv_nm_interface='BSD nm'
lt_cv_objdir=.libs
lt_cv_path_LD=/Applications/Xcode.app/Contents/Developer/Toolchains/XcodeDefault.xctoolchain/usr/bin/ld
lt_cv_path_NM='/usr/bin/nm -B'
lt_cv_prog_compiler_c_o=yes
lt_cv_prog_compiler_pic_works=yes
lt_cv_prog_compiler_rtti_exceptions=yes
lt_cv_prog_compiler_static_works=no
lt_cv_prog_gnu_ld=no
lt_cv_sys_global_symbol_pipe='sed -n -e '\''s/^.*[	 ]\([BCDEGRST][BCDEGRST]*\)[	 ][	 ]*_\([_A-Za-z][_A-Za-z0-9]*\)$/\1 _\2 \2/p'\'''
lt_cv_sys_global_symbol_to_c_name_address='sed -n -e '\''s/^: \([^ ]*\) $/  {\"\1\", (void *) 0},/p'\'' -e '\''s/^[BCDEGRST]* \([^ ]*\) \([^ ]*\)$/  {"\2", (void *) \&\2},/p'\'''
lt_cv_sys_global_symbol_to_c_name_address_lib_prefix='sed -n -e '\''s/^: \([^ ]*\) $/  {\"\1\", (void *) 0},/p'\'' -e '\''s/^[BCDEGRST]* \([^ ]*\) \(lib[^ ]*\)$/  {"\2", (void *) \&\2},/p'\'' -e '\''s/^[BCDEGRST]* \([^ ]*\) \([^ ]*\)$/  {"lib\2", (void *) \&\2},/p'\'''
lt_cv_sys_global_symbol_to_cdecl='sed -n -e '\''s/^T .* \(.*\)$/extern int \1();/p'\'' -e '\''s/^[BCDEGRST]* .* \(.*\)$/extern char \1;/p'\'''
lt_cv_sys_max_cmd_len=196608

## ----------------- ##
## Output variables. ##
## ----------------- ##

AR='ar'
AS='as'
BINARY_AGE='2'
BUILD_CFLAGS='-g -O2 '
BUILD_LDFLAGS=''
CC='gcc'
CFLAGS='-g -O2  -D_GNU_SOURCE=1'
CPP='gcc -E'
CPPFLAGS='  -D_GNU_SOURCE=1'
DEFS='-DPACKAGE_NAME=\"\" -DPACKAGE_TARNAME=\"\" -DPACKAGE_VERSION=\"\" -DPACKAGE_STRING=\"\" -DPACKAGE_BUGREPORT=\"\" -DPACKAGE_URL=\"\" -DSTDC_HEADERS=1 -DHAVE_SYS_TYPES_H=1 -DHAVE_SYS_STAT_H=1 -DHAVE_STDLIB_H=1 -DHAVE_STRING_H=1 -DHAVE_MEMORY_H=1 -DHAVE_STRINGS_H=1 -DHAVE_INTTYPES_H=1 -DHAVE_STDINT_H=1 -DHAVE_UNISTD_H=1 -DHAVE_DLFCN_H=1 -DLT_OBJDIR=\".libs/\" -DHAVE_SIGNAL_H=1 -DHAVE_SETBUF=1 -DHAVE_FORK=1 -DHAVE_VFORK=1'
DLLTOOL='dlltool'
DSYMUTIL='dsymutil'
DUMPBIN=''
ECHO_C='\c'
ECHO_N=''
ECHO_T=''
EGREP='/usr/bin/grep -E'
EXE=''
EXEEXT=''
EXTRA_CFLAGS=' -D_GNU_SOURCE=1 -I/Users/lnieto/sdl/SDL2-2.0.8/include/SDL2 -I/usr/X11R6/include -D_THREAD_SAFE -DHAVE_SIGNAL_H -DHAVE_SETBUF -fvisibility=hidden -DHAVE_FORK -DMUSIC_CMD -DMUSIC_WAV -DMUSIC_MID -DMUSIC_MID_TIMIDITY -I$(srcdir)/timidity -DMUSIC_MID_NATIVE -I$(srcdir)/native_midi'
EXTRA_LDFLAGS=' -L/Users/lnieto/sdl/SDL2-2.0.8/lib -lSDL2 -Wl,-framework,AudioToolbox -Wl,-framework,AudioUnit -Wl,-framework,CoreServices -lm'
FGREP='/usr/bin/grep -F'
GREP='/usr/bin/grep'
INSTALL_DATA='${INSTALL} -m 644'
INSTALL_PROGRAM='${INSTALL}'
INSTALL_SCRIPT='${INSTALL}'
INTERFACE_AGE='0'
LD='/Applications/Xcode.app/Contents/Developer/Toolchains/XcodeDefault.xctoolchain/usr/bin/ld'
LDFLAGS=' '
LIBMIKMOD_CONFIG=''
LIBOBJS=''
LIBS=''
LIBTOOL='$(SHELL) $(top_builddir)/libtool'
LIPO='lipo'
LN_S='ln -s'
LTLIBOBJS=''
LT_AGE='2'
LT_CURRENT='2'
LT_RELEASE='2.0'
LT_REVISION='0'
MAJOR_VERSION='2'
MICRO_VERSION='2'
MINOR_VERSION='0'
MODPLUG_CFLAGS=''
MODPLUG_LIBS=''
NM='/usr/bin/nm -B'
NMEDIT='nmedit'
OBJDUMP='objdump'
OBJECTS='$(objects)/effect_position.lo $(objects)/effect_stereoreverse.lo $(objects)/effects_internal.lo $(objects)/load_aiff.lo $(objects)/load_voc.lo $(objects)/mixer.lo $(objects)/music.lo $(objects)/music_cmd.lo $(objects)/music_flac.lo $(objects)/music_fluidsynth.lo $(objects)/music_mad.lo $(objects)/music_mikmod.lo $(objects)/music_modplug.lo $(objects)/music_mpg123.lo $(objects)/music_nativemidi.lo $(objects)/music_ogg.lo $(objects)/music_smpeg.lo $(objects)/music_timidity.lo $(objects)/music_wav.lo $(objects)/common.lo $(objects)/instrum.lo $(objects)/mix.lo $(objects)/output.lo $(objects)/playmidi.lo $(objects)/readmidi.lo $(objects)/resample.lo $(objects)/tables.lo $(objects)/timidity.lo $(objects)/native_midi_common.lo $(objects)/native_midi_mac.lo $(objects)/native_midi_macosx.lo $(objects)/native_midi_win32.lo '
OBJEXT='o'
OTOOL64=':'
OTOOL='otool'
PACKAGE_BUGREPORT=''
PACKAGE_NAME=''
PACKAGE_STRING=''
PACKAGE_TARNAME=''
PACKAGE_URL=''
PACKAGE_VERSION=''
PATH_SEPARATOR=':'
PKG_CONFIG=''
PLAYMUS_OBJECTS='$(objects)/playmus.lo'
PLAYWAVE_OBJECTS='$(objects)/playwave.lo'
RANLIB='ranlib'
SDL2_CONFIG='/Users/lnieto/sdl/SDL2-2.0.8/bin/sdl2-config'
SDL_CFLAGS='-I/Users/lnieto/sdl/SDL2-2.0.8/include/SDL2 -I/usr/X11R6/include -D_THREAD_SAFE'
SDL_LIBS='-L/Users/lnieto/sdl/SDL2-2.0.8/lib -lSDL2'
SDL_VERSION='2.0.7'
SED='/usr/bin/sed'
SET_MAKE=''
SHELL='/bin/sh'
SMPEG_CFLAGS=''
SMPEG_CONFIG=''
SMPEG_LIBS=''
STRIP='strip'
VERSION='2.0.2'
VERSION_OBJECTS=''
WINDRES=''
ac_aux_dir='../build-scripts'
ac_ct_CC='gcc'
ac_ct_DUMPBIN=''
bindir='${exec_prefix}/bin'
build='x86_64-apple-darwin16.7.0'
build_alias=''
build_cpu='x86_64'
build_os='darwin16.7.0'
build_vendor='apple'
datadir='${datarootdir}'
datarootdir='${prefix}/share'
docdir='${datarootdir}/doc/${PACKAGE}'
dvidir='${docdir}'
exec_prefix='${prefix}'
host='x86_64-apple-darwin16.7.0'
host_alias=''
host_cpu='x86_64'
host_os='darwin16.7.0'
host_vendor='apple'
htmldir='${docdir}'
includedir='${prefix}/include'
infodir='${datarootdir}/info'
libdir='${exec_prefix}/lib'
libexecdir='${exec_prefix}/libexec'
localedir='${datarootdir}/locale'
localstatedir='${prefix}/var'
lt_ECHO='/bin/echo'
mandir='${datarootdir}/man'
oldincludedir='/usr/include'
pdfdir='${docdir}'
prefix='/Users/lnieto/sdl/SDL2_mixer-2.0.2'
program_transform_name='s,x,x,'
psdir='${docdir}'
sbindir='${exec_prefix}/sbin'
sharedstatedir='${prefix}/com'
sysconfdir='${prefix}/etc'
target_alias=''

## ----------- ##
## confdefs.h. ##
## ----------- ##

/* confdefs.h */
#define PACKAGE_NAME ""
#define PACKAGE_TARNAME ""
#define PACKAGE_VERSION ""
#define PACKAGE_STRING ""
#define PACKAGE_BUGREPORT ""
#define PACKAGE_URL ""
#define STDC_HEADERS 1
#define HAVE_SYS_TYPES_H 1
#define HAVE_SYS_STAT_H 1
#define HAVE_STDLIB_H 1
#define HAVE_STRING_H 1
#define HAVE_MEMORY_H 1
#define HAVE_STRINGS_H 1
#define HAVE_INTTYPES_H 1
#define HAVE_STDINT_H 1
#define HAVE_UNISTD_H 1
#define HAVE_DLFCN_H 1
#define LT_OBJDIR ".libs/"
#define HAVE_SIGNAL_H 1
#define HAVE_SETBUF 1
#define HAVE_FORK 1
#define HAVE_VFORK 1

configure: exit 0
